"../../../Engine/Content/Animation/DefaultAnimCurveCompressionSettings.uasset" 0
"../../../Engine/Content/Functions/Engine_MaterialFunctions01/Opacity/CameraDepthFade.uasset" 1
"../../../Engine/Content/EngineMaterials/T_Default_Material_Grid_M.uasset" 2
"../../../Engine/Content/EngineMaterials/T_Default_Material_Grid_N.uasset" 3
"../../../Engine/Content/EngineMaterials/WorldGridMaterial.uasset" 4
"../../../Engine/Content/ArtTools/RenderToTexture/Meshes/S_1_Unit_Plane.uasset" 5
"../../../Engine/Content/EngineMaterials/DefaultMaterial.uasset" 6
"../../../Engine/Content/BasicShapes/Cone.uasset" 7
"../../../Engine/Content/BasicShapes/Plane.uasset" 8
"../../../Engine/Content/EngineMaterials/DefaultPhysicalMaterial.uasset" 9
"../../../Engine/Content/BufferVisualization/AmbientOcclusion.uasset" 10
"../../../Engine/Content/BufferVisualization/BaseColor.uasset" 11
"../../../Engine/Content/BufferVisualization/CustomDepth.uasset" 12
"../../../Engine/Content/Functions/Engine_MaterialFunctions02/Utility/VectorLength.uasset" 13
"../../../Engine/Content/BufferVisualization/CustomDepthWorldUnits.uasset" 14
"../../../Engine/Content/Functions/Engine_MaterialFunctions02/Utility/BreakOutFloat2Components.uasset" 15
"../../../Engine/Content/Functions/Engine_MaterialFunctions01/Texturing/ScaleUVsByCenter.uasset" 16
"../../../Engine/Content/Functions/Engine_MaterialFunctions02/ScreenResolution.uasset" 17
"../../../Engine/Content/Functions/Engine_MaterialFunctions02/Texturing/ScreenAlignedUVs.uasset" 18
"../../../Engine/Content/Functions/Engine_MaterialFunctions02/Utility/MakeFloat2.uasset" 19
"../../../Engine/Content/Functions/Engine_MaterialFunctions02/Utility/MakeFloat3.uasset" 20
"../../../Engine/Content/EngineMaterials/MiniFont.uasset" 21
"../../../Engine/Content/BufferVisualization/CustomStencil.uasset" 22
"../../../Engine/Content/BufferVisualization/FinalImage.uasset" 23
"../../../Engine/Content/BufferVisualization/LightingModel.uasset" 24
"../../../Engine/Content/BufferVisualization/MaterialAO.uasset" 25
"../../../Engine/Content/BufferVisualization/Metallic.uasset" 26
"../../../Engine/Content/BufferVisualization/Opacity.uasset" 27
"../../../Engine/Content/BufferVisualization/PostTonemapHDRColor.uasset" 28
"../../../Engine/Content/BufferVisualization/PreTonemapHDRColor.uasset" 29
"../../../Engine/Content/BufferVisualization/Roughness.uasset" 30
"../../../Engine/Content/BufferVisualization/SceneColor.uasset" 31
"../../../Engine/Content/BufferVisualization/SceneDepth.uasset" 32
"../../../Engine/Content/BufferVisualization/SceneDepthWorldUnits.uasset" 33
"../../../Engine/Content/BufferVisualization/SeparateTranslucencyA.uasset" 34
"../../../Engine/Content/BufferVisualization/SeparateTranslucencyRGB.uasset" 35
"../../../Engine/Content/BufferVisualization/Specular.uasset" 36
"../../../Engine/Content/BufferVisualization/SubsurfaceColor.uasset" 37
"../../../Engine/Content/BufferVisualization/Velocity.uasset" 38
"../../../Engine/Content/BufferVisualization/WorldNormal.uasset" 39
"../../../Engine/Content/EditorLandscapeResources/DataLayer.uasset" 40
"../../../Engine/Content/EditorLandscapeResources/DefaultAlphaTexture.uasset" 41
"../../../Engine/Content/EditorLandscapeResources/LandscapeGizmoHeight_Mat.uasset" 42
"../../../Engine/Content/EditorLandscapeResources/LandscapeGizmo_Mat.uasset" 43
"../../../Engine/Content/EditorLandscapeResources/LandscapeGizmo_Mat_Copied.uasset" 44
"../../../Engine/Content/EditorLandscapeResources/SplineEditorMeshMat.uasset" 45
"../../../Engine/Content/EditorLandscapeResources/SplineEditorMesh.uasset" 46
"../../../Engine/Content/EditorMaterials/Cross.uasset" 47
"../../../Engine/Content/EditorMaterials/Cross_Mat.uasset" 48
"../../../Engine/Content/EngineMaterials/DefaultDiffuse.uasset" 49
"../../../Engine/Content/Functions/Engine_MaterialFunctions01/Texturing/TextureCropping.uasset" 50
"../../../Engine/Content/Functions/Engine_MaterialFunctions01/Texturing/ComputeMipLevel.uasset" 51
"../../../Engine/Content/Functions/Engine_MaterialFunctions02/ExampleContent/DebugNumberStrip.uasset" 52
"../../../Engine/Content/Functions/Engine_MaterialFunctions02/ExampleContent/Textures/DebugNumberPeriod.uasset" 53
"../../../Engine/Content/Functions/Engine_MaterialFunctions02/Utility/DebugScalarValues.uasset" 54
"../../../Engine/Content/Functions/Engine_MaterialFunctions02/Utility/DebugFloat2Values.uasset" 55
"../../../Engine/Content/Functions/Engine_MaterialFunctions02/ExampleContent/Textures/flipbook.uasset" 56
"../../../Engine/Content/Functions/Engine_MaterialFunctions02/Texturing/FlipBook.uasset" 57
"../../../Engine/Content/Functions/Engine_MaterialFunctions02/Utility/Sign.uasset" 58
"../../../Engine/Content/Functions/Engine_MaterialFunctions02/Utility/Round.uasset" 59
"../../../Engine/Content/EditorResources/T_EditorHelp.uasset" 60
"../../../Engine/Content/EditorMaterials/HelpActorMaterial.uasset" 61
"../../../Engine/Content/EditorMaterials/CompositeARGBLayer.uasset" 62
"../../../Engine/Content/EditorMaterials/TilingAALineIntegral.uasset" 63
"../../../Engine/Content/EditorMaterials/TilingAALineBoxFiltered.uasset" 64
"../../../Engine/Content/Functions/Engine_MaterialFunctions03/Procedurals/ComputeFilterWidth.uasset" 65
"../../../Engine/Content/EditorMaterials/TilingAADots.uasset" 66
"../../../Engine/Content/EngineMaterials/BlendFunc_DefBase.uasset" 67
"../../../Engine/Content/EngineMaterials/BlendFunc_DefBlend.uasset" 68
"../../../Engine/Content/Functions/Engine_MaterialFunctions03/Blends/Blend_Screen.uasset" 69
"../../../Engine/Content/EditorMaterials/TilingAAGrid.uasset" 70
"../../../Engine/Content/EditorMaterials/LevelGridMaterial.uasset" 71
"../../../Engine/Content/EditorMaterials/MakeCompositeARGBLayer.uasset" 72
"../../../Engine/Content/EditorResources/LevelGrid1DStripes.uasset" 73
"../../../Engine/Content/EditorMaterials/TextureGridCascaded1D.uasset" 74
"../../../Engine/Content/EditorMaterials/TextureGridCascaded2D.uasset" 75
"../../../Engine/Content/EditorMaterials/LevelGridMaterial2.uasset" 76
"../../../Engine/Content/EditorMaterials/MAT_Groups_Toggle.uasset" 77
"../../../Engine/Content/EditorMaterials/MAT_Groups_Visibility.uasset" 78
"../../../Engine/Content/EditorMaterials/PhAT_BoneSelectedMaterial.uasset" 79
"../../../Engine/Content/EditorMaterials/PhAT_ElemSelectedMaterial.uasset" 80
"../../../Engine/Content/EditorMaterials/PhAT_NoCollisionMaterial.uasset" 81
"../../../Engine/Content/EditorMaterials/PhAT_UnselectedMaterial.uasset" 82
"../../../Engine/Content/EditorMaterials/PreviewShadowIndicator.uasset" 83
"../../../Engine/Content/EditorMaterials/PreviewShadowIndicatorMaterial.uasset" 84
"../../../Engine/Content/EditorMaterials/TargetIcon.uasset" 85
"../../../Engine/Content/EditorMaterials/Tick.uasset" 86
"../../../Engine/Content/EditorMaterials/Tick_Mat.uasset" 87
"../../../Engine/Content/EditorMaterials/WidgetGridVertexColorMaterial.uasset" 88
"../../../Engine/Content/EditorMaterials/WidgetGridVertexColorMaterial_Ma.uasset" 89
"../../../Engine/Content/EditorMaterials/WidgetMaterial.uasset" 90
"../../../Engine/Content/EditorMaterials/WidgetMaterial_Current.uasset" 91
"../../../Engine/Content/EditorMaterials/WidgetMaterial_X.uasset" 92
"../../../Engine/Content/EditorMaterials/WidgetMaterial_Y.uasset" 93
"../../../Engine/Content/EditorMaterials/WidgetMaterial_Z.uasset" 94
"../../../Engine/Content/EditorMaterials/WidgetVertexColorMaterial.uasset" 95
"../../../Engine/Content/EditorMaterials/MatineeGroups/MAT_ColorTrack.uasset" 96
"../../../Engine/Content/EditorMaterials/MatineeGroups/MAT_Groups_Anim.uasset" 97
"../../../Engine/Content/EditorMaterials/MatineeGroups/MAT_Groups_AudioMaster.uasset" 98
"../../../Engine/Content/EditorMaterials/MatineeGroups/MAT_Groups_Director.uasset" 99
"../../../Engine/Content/EditorMaterials/MatineeGroups/MAT_Groups_Event.uasset" 100
"../../../Engine/Content/EditorMaterials/MatineeGroups/MAT_Groups_Fade.uasset" 101
"../../../Engine/Content/EditorMaterials/MatineeGroups/MAT_Groups_Float.uasset" 102
"../../../Engine/Content/EditorMaterials/MatineeGroups/MAT_Groups_Move.uasset" 103
"../../../Engine/Content/EditorMaterials/MatineeGroups/MAT_Groups_Slomo.uasset" 104
"../../../Engine/Content/EditorMaterials/MatineeGroups/MAT_Groups_Sound.uasset" 105
"../../../Engine/Content/EditorMaterials/MatineeGroups/MAT_Groups_Vector.uasset" 106
"../../../Engine/Content/EditorMaterials/ParticleSystems/PSysThumbnail_NoImage.uasset" 107
"../../../Engine/Content/EditorMaterials/ParticleSystems/PSysThumbnail_OOD.uasset" 108
"../../../Engine/Content/EngineMaterials/Grid.uasset" 109
"../../../Engine/Content/EditorMaterials/Thumbnails/FloorPlaneMaterial.uasset" 110
"../../../Engine/Content/EditorMeshes/EditorCube.uasset" 111
"../../../Engine/Content/EditorMeshes/EditorCylinder.uasset" 112
"../../../Engine/Content/EditorMeshes/EditorPlane.uasset" 113
"../../../Engine/Content/EditorMaterials/Thumbnails/SkySphereMaterial.uasset" 114
"../../../Engine/Content/EditorMeshes/EditorSkySphere.uasset" 115
"../../../Engine/Content/EditorMeshes/EditorSphere.uasset" 116
"../../../Engine/Content/EditorResources/MatineeCam_D.uasset" 117
"../../../Engine/Content/EditorMaterials/MatineeCam_mat.uasset" 118
"../../../Engine/Content/EditorMeshes/MatineeCam_SM.uasset" 119
"../../../Engine/Content/EditorMeshes/PlanarReflectionPlane.uasset" 120
"../../../Engine/Content/EditorMaterials/Camera/CineMat.uasset" 121
"../../../Engine/Content/EditorMaterials/Camera/MI_CineMat_CameraBody.uasset" 122
"../../../Engine/Content/EngineDebugMaterials/M_SimpleOpaque.uasset" 123
"../../../Engine/Content/EditorMaterials/Camera/MI_CineMat_CamViewFinder.uasset" 124
"../../../Engine/Content/EditorMeshes/Camera/SM_CineCam.uasset" 125
"../../../Engine/Content/EditorMaterials/Camera/MI_CineMat_Rig.uasset" 126
"../../../Engine/Content/EditorMeshes/Camera/SM_CraneRig_Arm.uasset" 127
"../../../Engine/Content/EditorMeshes/Camera/SM_CraneRig_Base.uasset" 128
"../../../Engine/Content/EditorMeshes/Camera/SM_CraneRig_Body.uasset" 129
"../../../Engine/Content/EditorMeshes/Camera/SM_CraneRig_Mount.uasset" 130
"../../../Engine/Content/EditorMeshes/Camera/SM_RailRig_Mount.uasset" 131
"../../../Engine/Content/EditorMeshes/Camera/SM_RailRig_Track.uasset" 132
"../../../Engine/Content/EditorMeshes/ColorCalibrator/M_ChromeBall.uasset" 133
"../../../Engine/Content/EditorResources/Bad.uasset" 134
"../../../Engine/Content/EditorResources/BSPVertex.uasset" 135
"../../../Engine/Content/EditorResources/EmptyActor.uasset" 136
"../../../Engine/Content/EditorResources/MatInstActSprite.uasset" 137
"../../../Engine/Content/EditorResources/SceneManager.uasset" 138
"../../../Engine/Content/EditorResources/SmallFont.uasset" 139
"../../../Engine/Content/EditorResources/S_Actor.uasset" 140
"../../../Engine/Content/EditorResources/S_DecalActorIcon.uasset" 141
"../../../Engine/Content/EditorResources/S_Emitter.uasset" 142
"../../../Engine/Content/EditorResources/S_ExpoHeightFog.uasset" 143
"../../../Engine/Content/EditorResources/S_FTest.uasset" 144
"../../../Engine/Content/EditorResources/S_KBSJoint.uasset" 145
"../../../Engine/Content/EditorResources/S_KHinge.uasset" 146
"../../../Engine/Content/EditorResources/S_KPrismatic.uasset" 147
"../../../Engine/Content/EditorResources/S_LevelSequence.uasset" 148
"../../../Engine/Content/EditorResources/S_NavP.uasset" 149
"../../../Engine/Content/EditorResources/S_Note.uasset" 150
"../../../Engine/Content/EditorResources/S_Player.uasset" 151
"../../../Engine/Content/EditorResources/S_PortalActorIcon2.uasset" 152
"../../../Engine/Content/EditorResources/S_RadForce.uasset" 153
"../../../Engine/Content/EditorResources/S_ReflActorIcon.uasset" 154
"../../../Engine/Content/EditorResources/S_SkyAtmosphere.uasset" 155
"../../../Engine/Content/EditorResources/S_Solver.uasset" 156
"../../../Engine/Content/EditorResources/S_Terrain.uasset" 157
"../../../Engine/Content/EditorResources/S_TextRenderActorIcon.uasset" 158
"../../../Engine/Content/EditorResources/S_Thruster.uasset" 159
"../../../Engine/Content/EditorResources/S_Trigger.uasset" 160
"../../../Engine/Content/EditorResources/S_VectorFieldVol.uasset" 161
"../../../Engine/Content/EditorResources/S_WindDirectional.uasset" 162
"../../../Engine/Content/EditorResources/AI/S_NavLink.uasset" 163
"../../../Engine/Content/EditorResources/AudioIcons/S_AudioComponent_AutoActivate.uasset" 164
"../../../Engine/Content/EditorResources/LightIcons/SkyLight.uasset" 165
"../../../Engine/Content/EditorResources/LightIcons/S_LightDirectional.uasset" 166
"../../../Engine/Content/EditorResources/LightIcons/S_LightDirectionalMove.uasset" 167
"../../../Engine/Content/EditorResources/LightIcons/S_LightError.uasset" 168
"../../../Engine/Content/EditorResources/LightIcons/S_LightPoint.uasset" 169
"../../../Engine/Content/EditorResources/LightIcons/S_LightPointMove.uasset" 170
"../../../Engine/Content/EditorResources/LightIcons/S_LightSpot.uasset" 171
"../../../Engine/Content/EditorResources/LightIcons/S_LightSpotMove.uasset" 172
"../../../Engine/Content/EditorResources/SequenceRecorder/Countdown.uasset" 173
"../../../Engine/Content/EditorResources/SequenceRecorder/RecordingIndicator.uasset" 174
"../../../Engine/Content/EditorResources/Spline/T_Loft_Spline.uasset" 175
"../../../Engine/Content/EditorSounds/Notifications/CompileFailed.uasset" 176
"../../../Engine/Content/EditorSounds/Notifications/CompileFailed_Cue.uasset" 177
"../../../Engine/Content/EditorSounds/Notifications/CompileSuccess.uasset" 178
"../../../Engine/Content/EditorSounds/Notifications/CompileStart_Cue.uasset" 179
"../../../Engine/Content/EditorSounds/Notifications/CompileSuccess_Cue.uasset" 180
"../../../Engine/Content/EngineDamageTypes/DmgTypeBP_Environmental.uasset" 181
"../../../Engine/Content/EngineDebugMaterials/HeatmapGradient.uasset" 182
"../../../Engine/Content/EngineDebugMaterials/BoneWeightMaterial.uasset" 183
"../../../Engine/Content/EngineDebugMaterials/ClothMaterial.uasset" 184
"../../../Engine/Content/EngineDebugMaterials/ClothMaterial_WF.uasset" 185
"../../../Engine/Content/EngineDebugMaterials/DebugEditorMaterial.uasset" 186
"../../../Engine/Content/EngineDebugMaterials/DebugMeshMaterial.uasset" 187
"../../../Engine/Content/EngineDebugMaterials/GeomMaterial.uasset" 188
"../../../Engine/Content/Functions/Engine_MaterialFunctions01/Shading/ConvertFromDiffSpec.uasset" 189
"../../../Engine/Content/EngineDebugMaterials/LevelColorationLitMaterial.uasset" 190
"../../../Engine/Content/EngineDebugMaterials/LevelColorationUnlitMaterial.uasset" 191
"../../../Engine/Content/EngineMaterials/DefaultWhiteGrid.uasset" 192
"../../../Engine/Content/EngineDebugMaterials/MAT_LevelColorationLitLightmapUV.uasset" 193
"../../../Engine/Content/EngineDebugMaterials/M_SimpleTranslucent.uasset" 194
"../../../Engine/Content/Functions/Engine_MaterialFunctions02/Utility/CameraDirectionVector.uasset" 195
"../../../Engine/Content/EngineDebugMaterials/VolumeToRender.uasset" 196
"../../../Engine/Content/EngineDebugMaterials/M_VolumeRenderSphereTracePP.uasset" 197
"../../../Engine/Content/EngineDebugMaterials/ShadedLevelColorationLitMaterial.uasset" 198
"../../../Engine/Content/EngineDebugMaterials/ShadedLevelColorationUnlitMateri.uasset" 199
"../../../Engine/Content/EngineDebugMaterials/VertexColorMaterial.uasset" 200
"../../../Engine/Content/EngineDebugMaterials/VertexColorViewMode_AlphaAsColor.uasset" 201
"../../../Engine/Content/EngineDebugMaterials/VertexColorViewMode_BlueOnly.uasset" 202
"../../../Engine/Content/EngineDebugMaterials/VertexColorViewMode_ColorOnly.uasset" 203
"../../../Engine/Content/EngineDebugMaterials/VertexColorViewMode_GreenOnly.uasset" 204
"../../../Engine/Content/EngineDebugMaterials/VertexColorViewMode_RedOnly.uasset" 205
"../../../Engine/Content/EngineDebugMaterials/WireframeMaterial.uasset" 206
"../../../Engine/Content/EngineFonts/Faces/DroidSansFallback.uasset" 207
"../../../Engine/Content/EngineFonts/Faces/RobotoBold.uasset" 208
"../../../Engine/Content/EngineFonts/Faces/RobotoBoldItalic.uasset" 209
"../../../Engine/Content/EngineFonts/Faces/RobotoItalic.uasset" 210
"../../../Engine/Content/EngineFonts/Faces/RobotoLight.uasset" 211
"../../../Engine/Content/EngineFonts/Faces/RobotoRegular.uasset" 212
"../../../Engine/Content/EngineFonts/Roboto.uasset" 213
"../../../Engine/Content/EngineFonts/Faces/RobotoTiny.uasset" 214
"../../../Engine/Content/EngineFonts/RobotoTiny.uasset" 215
"../../../Engine/Content/EngineFonts/SmallFont.uasset" 216
"../../../Engine/Content/EngineFonts/TinyFont.uasset" 217
"../../../Engine/Content/EngineMaterials/BaseFlattenDiffuseMap.uasset" 218
"../../../Engine/Content/EngineMaterials/BaseFlattenEmissiveMap.uasset" 219
"../../../Engine/Content/EngineMaterials/BaseFlattenGrayscaleMap.uasset" 220
"../../../Engine/Content/EngineMaterials/BaseFlattenNormalMap.uasset" 221
"../../../Engine/Content/EngineMaterials/BaseFlattenMaterial.uasset" 222
"../../../Engine/Content/EngineResources/WhiteSquareTexture.uasset" 223
"../../../Engine/Content/EngineMaterials/BlinkingCaret.uasset" 224
"../../../Engine/Content/EngineMaterials/BlueNoise.uasset" 225
"../../../Engine/Content/EngineMaterials/DefaultBloomKernel.uasset" 226
"../../../Engine/Content/EngineMaterials/DefaultBokeh.uasset" 227
"../../../Engine/Content/EngineMaterials/DefaultDeferredDecalMaterial.uasset" 228
"../../../Engine/Content/EngineMaterials/DefaultLightFunctionMaterial.uasset" 229
"../../../Engine/Content/EngineMaterials/DefaultNormal.uasset" 230
"../../../Engine/Content/EngineMaterials/DefaultPostProcessMaterial.uasset" 231
"../../../Engine/Content/EngineFonts/RobotoDistanceField.uasset" 232
"../../../Engine/Content/EngineMaterials/DefaultTextMaterialOpaque.uasset" 233
"../../../Engine/Content/EngineMaterials/DefaultVirtualTextureMaterial.uasset" 234
"../../../Engine/Content/EngineMaterials/EditorBrushMaterial.uasset" 235
"../../../Engine/Content/EngineMaterials/DefaultWhiteGrid_Low.uasset" 236
"../../../Engine/Content/EngineMaterials/EmissiveMeshMaterial.uasset" 237
"../../../Engine/Content/EngineMaterials/GizmoMaterial.uasset" 238
"../../../Engine/Content/EngineMaterials/Good64x64TilingNoiseHighFreq.uasset" 239
"../../../Engine/Content/EngineMaterials/Grid_N.uasset" 240
"../../../Engine/Content/EngineMaterials/HairColorMap.uasset" 241
"../../../Engine/Content/EngineMaterials/HairDebugColor.uasset" 242
"../../../Engine/Content/EngineMaterials/HairDebugMaterial.uasset" 243
"../../../Engine/Content/EngineMaterials/HairDefaultMaterial.uasset" 244
"../../../Engine/Content/EngineMaterials/HighResolutionScreenshotMaskFunction.uasset" 245
"../../../Engine/Content/EngineMaterials/HighResScreenshot.uasset" 246
"../../../Engine/Content/EngineMaterials/HighResScreenshotCaptureRegion.uasset" 247
"../../../Engine/Content/EngineMaterials/HighResScreenshotMask.uasset" 248
"../../../Engine/Content/EngineMaterials/LandscapeHolePhysicalMaterial.uasset" 249
"../../../Engine/Content/EngineMaterials/InvalidLightmapSettings.uasset" 250
"../../../Engine/Content/EngineMaterials/M_InvalidLightmapSettings.uasset" 251
"../../../Engine/Content/EngineMaterials/PaperDiffuse.uasset" 252
"../../../Engine/Content/EngineMaterials/PaperNormal.uasset" 253
"../../../Engine/Content/Functions/Engine_MaterialFunctions02/WorldPositionOffset/CameraOffset.uasset" 254
"../../../Engine/Content/EngineMaterials/PhAT_JointLimitMaterial.uasset" 255
"../../../Engine/Content/EngineMaterials/PhysMat_Rubber.uasset" 256
"../../../Engine/Content/EngineMaterials/PreintegratedSkinBRDF.uasset" 257
"../../../Engine/Content/EngineMaterials/RemoveSurfaceMaterial.uasset" 258
"../../../Engine/Content/EngineMaterials/WeightMapPlaceholderTexture.uasset" 259
"../../../Engine/Content/Functions/Engine_MaterialFunctions01/ImageAdjustment/sRGBToLinear.uasset" 260
"../../../Engine/Content/Functions/Engine_MaterialFunctions02/Utility/BreakOutFloat3Components.uasset" 261
"../../../Engine/Content/EngineMaterials/Widget3DCameraPassThrough_Opaque_OneSided.uasset" 262
"../../../Engine/Content/EngineMaterials/Widget3DPassThrough.uasset" 263
"../../../Engine/Content/EngineMaterials/Widget3DPassThrough_Masked.uasset" 264
"../../../Engine/Content/EngineMaterials/Widget3DPassThrough_Opaque.uasset" 265
"../../../Engine/Content/EngineMaterials/Widget3DPassThrough_Masked_OneSided.uasset" 266
"../../../Engine/Content/EngineMaterials/Widget3DPassThrough_Opaque_OneSided.uasset" 267
"../../../Engine/Content/EngineMaterials/Widget3DPassThrough_Translucent.uasset" 268
"../../../Engine/Content/EngineMaterials/Widget3DPassThrough_Translucent_OneSided.uasset" 269
"../../../Engine/Content/EngineMeshes/Cylinder.uasset" 270
"../../../Engine/Content/EngineMeshes/Sphere.uasset" 271
"../../../Engine/Content/EngineResources/Black.uasset" 272
"../../../Engine/Content/EngineResources/DefaultTexture.uasset" 273
"../../../Engine/Content/EngineResources/DefaultTextureCube.uasset" 274
"../../../Engine/Content/EngineResources/DefaultVolumeTexture2D.uasset" 275
"../../../Engine/Content/EngineResources/DefaultVolumeTexture.uasset" 276
"../../../Engine/Content/EngineResources/GradientTexture0.uasset" 277
"../../../Engine/Content/EngineResources/StreamingPauseIcon.uasset" 278
"../../../Engine/Content/EngineResources/M_StreamingPause.uasset" 279
"../../../Engine/Content/EngineSounds/Master.uasset" 280
"../../../Engine/Content/Functions/Engine_MaterialFunctions01/Shading/PowerToRoughness.uasset" 281
"../../../Engine/Content/Maps/Templates/Thumbnails/Default.uasset" 282
"../../../Engine/Content/Maps/Templates/Thumbnails/TimeOfDay.uasset" 283
"../../../Engine/Content/Maps/Templates/Thumbnails/VR-Basic.uasset" 284
"../../../Engine/Content/MapTemplates/Sky/DaylightAmbientCubemap.uasset" 285
"../../../Engine/Content/MobileResources/T_MobileControls_texture.uasset" 286
"../../../Engine/Content/MobileResources/T_MobileMenu2.uasset" 287
"../../../Engine/Content/MobileResources/HUD/AnalogHat.uasset" 288
"../../../Engine/Content/MobileResources/HUD/VirtualJoystick_Background.uasset" 289
"../../../Engine/Content/MobileResources/HUD/VirtualJoystick_Thumb.uasset" 290
"../../../Engine/Content/MobileResources/HUD/DefaultVirtualJoysticks.uasset" 291
"../../../Engine/Content/MobileResources/HUD/LeftVirtualJoystickOnly.uasset" 292
"../../../Engine/Content/MobileResources/HUD/MobileHUDButton1_off.uasset" 293
"../../../Engine/Content/MobileResources/HUD/MobileHUDButton1_on.uasset" 294
"../../../Engine/Content/MobileResources/HUD/MobileHUDButton2_off.uasset" 295
"../../../Engine/Content/MobileResources/HUD/MobileHUDButton2_on.uasset" 296
"../../../Engine/Content/MobileResources/HUD/MobileHUDButton3.uasset" 297
"../../../Engine/Content/MobileResources/HUD/MobileHUDButtonFire.uasset" 298
"../../../Engine/Content/MobileResources/HUD/MobileHUDDirectionPad.uasset" 299
"../../../Engine/Content/MobileResources/HUD/MobileHUDDirectionPad2.uasset" 300
"../../../Engine/Content/MobileResources/HUD/MobileHUDDirectionPad3.uasset" 301
"../../../Engine/Content/MobileResources/HUD/MobileHUDDirectionStick.uasset" 302
"../../../Engine/Content/MobileResources/HUD/T_Castle_ThumbstickInner.uasset" 303
"../../../Engine/Content/MobileResources/HUD/T_Castle_ThumbstickOutter.uasset" 304
"../../../Engine/Content/Tutorial/ContentIntroCurve.uasset" 305
"../../../Engine/Content/Tutorial/Basics/LevelEditorAttract.uasset" 306
"../../../Engine/Content/Tutorial/Basics/TutorialAssets/icon_tab_Levels_40x.uasset" 307
"../../../Engine/Content/Tutorial/Basics/LevelEditorOverview.uasset" 308
"../../../Engine/Content/VREditor/LaserPointer/VR_LaserPower_01.uasset" 309
"../../../Engine/Content/VREditor/TransformGizmo/TransformGizmoMaterial.uasset" 310
"../../../Engine/Content/VREditor/TransformGizmo/TranslucentTransformGizmoMaterial.uasset" 311
"../../../Engine/Content/VREditor/TransformGizmo/BoundingBoxCorner.uasset" 312
"../../../Engine/Content/VREditor/TransformGizmo/BoundingBoxEdge.uasset" 313
"../../../Engine/Content/VREditor/TransformGizmo/PlaneTranslationHandle.uasset" 314
"../../../Engine/Content/VREditor/TransformGizmo/Main.uasset" 315
"../../../Engine/Content/VREditor/TransformGizmo/Xray.uasset" 316
"../../../Engine/Content/VREditor/TransformGizmo/SM_Sequencer_Key.uasset" 317
"../../../Engine/Content/VREditor/TransformGizmo/SM_Sequencer_Node.uasset" 318
"../../Plugins/2D/Paper2D/Content/PlaceholderTextures/DummySpriteTexture.uasset" 319
"../../Plugins/2D/Paper2D/Content/DummySprite.uasset" 320
"../../Plugins/2D/Paper2D/Content/DefaultPaperTerrainMaterial.uasset" 321
"../../Plugins/2D/Paper2D/Content/DefaultSpriteMaterial.uasset" 322
"../../Plugins/2D/Paper2D/Content/MaskedUnlitSpriteMaterial.uasset" 323
"../../Plugins/2D/Paper2D/Content/OpaqueUnlitSpriteMaterial.uasset" 324
"../../../Engine/Content/Functions/Engine_MaterialFunctions02/Utility/BreakOutFloat4Components.uasset" 325
"../../Plugins/Runtime/Oculus/OculusVR/Content/Materials/OculusMR_ChromaKey.uasset" 326
"../../Plugins/Runtime/Oculus/OculusVR/Content/Materials/OculusMR_ChromaKey_Lit.uasset" 327
"../../Plugins/Runtime/Oculus/OculusVR/Content/Materials/OculusMR_OpaqueColoredMaterial.uasset" 328
"../../Plugins/Runtime/Oculus/OculusVR/Content/Materials/OculusMR_WhiteMaterial.uasset" 329
"../../../Engine/Content/Maps/Entry_BuiltData.uasset" 330
"../../../Engine/Content/Maps/Entry.umap" 331
"../../../../../../Documents/repos/Unreal/BRGame/Content/AnimStarterPack/UE4_Mannequin/Mesh/UE4_Mannequin_Skeleton.uasset" 332
"../../../../../../Documents/repos/Unreal/BRGame/Content/AnimStarterPack/Crouch_Idle_Rifle_Hip.uasset" 333
"../../../../../../Documents/repos/Unreal/BRGame/Content/AnimStarterPack/Death_2.uasset" 334
"../../../../../../Documents/repos/Unreal/BRGame/Content/AnimStarterPack/Idle_Rifle_Hip.uasset" 335
"../../../../../../Documents/repos/Unreal/BRGame/Content/AnimStarterPack/Jump_From_Jog.uasset" 336
"../../../../../../Documents/repos/Unreal/BRGame/Content/AnimStarterPack/Jump_From_Stand.uasset" 337
"../../../../../../Documents/repos/Unreal/BRGame/Content/AnimStarterPack/Crouch_Walk_Bwd_Rifle_Hip.uasset" 338
"../../../../../../Documents/repos/Unreal/BRGame/Content/AnimStarterPack/Crouch_Walk_Fwd_Rifle_Hip.uasset" 339
"../../../../../../Documents/repos/Unreal/BRGame/Content/AnimStarterPack/Crouch_Walk_Lt_Rifle_Hip.uasset" 340
"../../../../../../Documents/repos/Unreal/BRGame/Content/AnimStarterPack/Crouch_Walk_Rt_Rifle_Hip.uasset" 341
"../../../../../../Documents/repos/Unreal/BRGame/Content/AnimStarterPack/BS_CrouchWalk.uasset" 342
"../../../../../../Documents/repos/Unreal/BRGame/Content/AnimStarterPack/Jog_Bwd_Rifle.uasset" 343
"../../../../../../Documents/repos/Unreal/BRGame/Content/AnimStarterPack/Jog_Fwd_Rifle.uasset" 344
"../../../../../../Documents/repos/Unreal/BRGame/Content/AnimStarterPack/Jog_Lt_Rifle.uasset" 345
"../../../../../../Documents/repos/Unreal/BRGame/Content/AnimStarterPack/Jog_Rt_Rifle.uasset" 346
"../../../../../../Documents/repos/Unreal/BRGame/Content/AnimStarterPack/BS_Jog.uasset" 347
"../../../../../../Documents/repos/Unreal/BRGame/Content/AnimStarterPack/UE4ASP_HeroTPP_AnimBlueprint.uasset" 348
"../../../../../../Documents/repos/Unreal/BRGame/Content/Blueprints/CameraShake_KAFire.uasset" 349
"../../../../../../Documents/repos/Unreal/BRGame/Content/FPS_Weapon_Bundle/Weapons/Textures/KA74U/T_KA74U_ALB.uasset" 350
"../../../../../../Documents/repos/Unreal/BRGame/Content/FPS_Weapon_Bundle/Weapons/Textures/KA74U/T_KA74U_M_MSK.uasset" 351
"../../../../../../Documents/repos/Unreal/BRGame/Content/FPS_Weapon_Bundle/Weapons/Textures/KA74U/T_KA74U_NRM.uasset" 352
"../../../../../../Documents/repos/Unreal/BRGame/Content/FPS_Weapon_Bundle/Weapons/Textures/Patterns/T_Stripes__Pattern.uasset" 353
"../../../../../../Documents/repos/Unreal/BRGame/Content/FPS_Weapon_Bundle/Weapons/Materials/Master_Material/M_Weapon_Master_USE.uasset" 354
"../../../../../../Documents/repos/Unreal/BRGame/Content/FPS_Weapon_Bundle/Weapons/Textures/KA47/T_KA47_ALB.uasset" 355
"../../../../../../Documents/repos/Unreal/BRGame/Content/FPS_Weapon_Bundle/Weapons/Textures/KA47/T_KA47_M_MSK.uasset" 356
"../../../../../../Documents/repos/Unreal/BRGame/Content/FPS_Weapon_Bundle/Weapons/Textures/KA47/T_KA47_NRM.uasset" 357
"../../../../../../Documents/repos/Unreal/BRGame/Content/FPS_Weapon_Bundle/Weapons/Materials/Ka47/M_KA47.uasset" 358
"../../../../../../Documents/repos/Unreal/BRGame/Content/FPS_Assault_Pack/Particles/Textures/T_Smoke_SubUV_2x2_ALB.uasset" 359
"../../../../../../Documents/repos/Unreal/BRGame/Content/FPS_Assault_Pack/Particles/Materials/M_Smoke_MASTER.uasset" 360
"../../../Engine/Content/Functions/Engine_MaterialFunctions01/Density/ExponentialDensity.uasset" 361
"../../../Engine/Content/Functions/Engine_MaterialFunctions01/Gradient/RadialGradientExponential.uasset" 362
"../../../../../../Documents/repos/Unreal/BRGame/Content/FPS_Assault_Pack/Particles/Materials/M_Spark.uasset" 363
"../../../../../../Documents/repos/Unreal/BRGame/Content/FPS_Assault_Pack/Particles/Textures/T_Muzzle_Warp_FMP.uasset" 364
"../../../../../../Documents/repos/Unreal/BRGame/Content/FPS_Assault_Pack/Particles/Textures/T_Muzzleflash_01_ALB.uasset" 365
"../../../../../../Documents/repos/Unreal/BRGame/Content/FPS_Assault_Pack/Particles/Materials/M_Muzzleflash_MASTER.uasset" 366
"../../../../../../Documents/repos/Unreal/BRGame/Content/FPS_Assault_Pack/Particles/Materials/M_Muzzleflash_01.uasset" 367
"../../../../../../Documents/repos/Unreal/BRGame/Content/FPS_Assault_Pack/Particles/Textures/T_CleanSmoke_ALB.uasset" 368
"../../../../../../Documents/repos/Unreal/BRGame/Content/FPS_Assault_Pack/Particles/Textures/T_Detailed_and_Dense_FMP.uasset" 369
"../../../../../../Documents/repos/Unreal/BRGame/Content/FPS_Assault_Pack/Particles/Textures/T_Detailed_FMP.uasset" 370
"../../../../../../Documents/repos/Unreal/BRGame/Content/FPS_Assault_Pack/Particles/Materials/M_Smoke_FlowMap_MASTER.uasset" 371
"../../../../../../Documents/repos/Unreal/BRGame/Content/FPS_Assault_Pack/Particles/Materials/M_Smoke_FlowMap_01.uasset" 372
"../../../../../../Documents/repos/Unreal/BRGame/Content/FPS_Assault_Pack/Particles/Emitters/AR74/P_RU74_Muzzleflash.uasset" 373
"../../../../../../Documents/repos/Unreal/BRGame/Content/FPS_Weapon_Bundle/Weapons/Textures/Ammunition/T_762x39_ALB.uasset" 374
"../../../../../../Documents/repos/Unreal/BRGame/Content/FPS_Weapon_Bundle/Weapons/Textures/Ammunition/T_762x39_M_MSK.uasset" 375
"../../../../../../Documents/repos/Unreal/BRGame/Content/FPS_Weapon_Bundle/Weapons/Textures/Ammunition/T_762x39_NRM.uasset" 376
"../../../../../../Documents/repos/Unreal/BRGame/Content/FPS_Weapon_Bundle/Weapons/Materials/Ammunition/M_762x39_Empty.uasset" 377
"../../../../../../Documents/repos/Unreal/BRGame/Content/FPS_Weapon_Bundle/Weapons/Meshes/Ka47/SK_KA47_Physics.uasset" 378
"../../../../../../Documents/repos/Unreal/BRGame/Content/FPS_Weapon_Bundle/Weapons/Meshes/Ka47/SK_KA47_Skeleton.uasset" 379
"../../../../../../Documents/repos/Unreal/BRGame/Content/FPS_Weapon_Bundle/Weapons/Meshes/Ka47/SK_KA47.uasset" 380
"../../../../../../Documents/repos/Unreal/BRGame/Content/MilitaryWeapSilver/FX/Textures/T_Rock_Normal_01.uasset" 381
"../../../../../../Documents/repos/Unreal/BRGame/Content/MilitaryWeapSilver/FX/Materials/M_RockMesh_01.uasset" 382
"../../../../../../Documents/repos/Unreal/BRGame/Content/MilitaryWeapSilver/FX/Textures/T_RockSmall_01.uasset" 383
"../../../../../../Documents/repos/Unreal/BRGame/Content/MilitaryWeapSilver/FX/Materials/M_RockSmall_01.uasset" 384
"../../../../../../Documents/repos/Unreal/BRGame/Content/MilitaryWeapSilver/FX/Textures/T_Smoke_8x8_B_01.uasset" 385
"../../../../../../Documents/repos/Unreal/BRGame/Content/MilitaryWeapSilver/FX/Textures/T_Spherical_NormalMap_01.uasset" 386
"../../../../../../Documents/repos/Unreal/BRGame/Content/MilitaryWeapSilver/FX/Materials/M_Smoke_8x8_B_01.uasset" 387
"../../../../../../Documents/repos/Unreal/BRGame/Content/MilitaryWeapSilver/FX/Textures/T_SmokeRibbon_01.uasset" 388
"../../../../../../Documents/repos/Unreal/BRGame/Content/MilitaryWeapSilver/FX/Materials/M_SmokeRibbon_01.uasset" 389
"../../../../../../Documents/repos/Unreal/BRGame/Content/MilitaryWeapSilver/FX/Meshes/St_Rock_01.uasset" 390
"../../../../../../Documents/repos/Unreal/BRGame/Content/MilitaryWeapSilver/FX/P_Impact_Stone_Large_01.uasset" 391
"../../../../../../Documents/repos/Unreal/BRGame/Content/Blueprints/BP_KA.uasset" 392
"../../../Engine/Content/Functions/Engine_MaterialFunctions02/Utility/BlendAngleCorrectedNormals.uasset" 393
"../../../Engine/Content/Functions/MaterialLayerFunctions/MatLayerBlend_AO.uasset" 394
"../../../Engine/Content/Functions/MaterialLayerFunctions/MatLayerBlend_NormalBlend.uasset" 395
"../../../Engine/Content/Functions/MaterialLayerFunctions/MatLayerBlend_Simple.uasset" 396
"../../../../../../Documents/repos/Unreal/BRGame/Content/AnimStarterPack/UE4_Mannequin/Materials/MaterialLayers/T_ML_Rubber_Blue_01_D.uasset" 397
"../../../../../../Documents/repos/Unreal/BRGame/Content/AnimStarterPack/UE4_Mannequin/Materials/MaterialLayers/T_ML_Rubber_Blue_01_N.uasset" 398
"../../../../../../Documents/repos/Unreal/BRGame/Content/AnimStarterPack/UE4_Mannequin/Materials/MaterialLayers/ML_GlossyBlack_Latex_UE4.uasset" 399
"../../../../../../Documents/repos/Unreal/BRGame/Content/AnimStarterPack/UE4_Mannequin/Materials/MaterialLayers/ML_Plastic_Shiny_Beige.uasset" 400
"../../../../../../Documents/repos/Unreal/BRGame/Content/AnimStarterPack/UE4_Mannequin/Textures/UE4_LOGO_CARD.uasset" 401
"../../../../../../Documents/repos/Unreal/BRGame/Content/AnimStarterPack/UE4_Mannequin/Materials/MaterialLayers/ML_Plastic_Shiny_Beige_LOGO.uasset" 402
"../../../../../../Documents/repos/Unreal/BRGame/Content/AnimStarterPack/UE4_Mannequin/Materials/MaterialLayers/T_ML_Aluminum01.uasset" 403
"../../../../../../Documents/repos/Unreal/BRGame/Content/AnimStarterPack/UE4_Mannequin/Materials/MaterialLayers/T_ML_Aluminum01_N.uasset" 404
"../../../../../../Documents/repos/Unreal/BRGame/Content/AnimStarterPack/UE4_Mannequin/Materials/MaterialLayers/ML_SoftMetal_UE4.uasset" 405
"../../../../../../Documents/repos/Unreal/BRGame/Content/AnimStarterPack/UE4_Mannequin/Textures/UE4_Mannequin__normals.uasset" 406
"../../../../../../Documents/repos/Unreal/BRGame/Content/AnimStarterPack/UE4_Mannequin/Textures/UE4_Mannequin_MAT_MASKA.uasset" 407
"../../../../../../Documents/repos/Unreal/BRGame/Content/AnimStarterPack/UE4_Mannequin/Textures/UE4_Mannequin_occlusion_Mobile.uasset" 408
"../../../../../../Documents/repos/Unreal/BRGame/Content/AnimStarterPack/UE4_Mannequin/Materials/M_UE4Man_Body.uasset" 409
"../../../../../../Documents/repos/Unreal/BRGame/Content/AnimStarterPack/UE4_Mannequin/Textures/UE4Man_Logo_N.uasset" 410
"../../../../../../Documents/repos/Unreal/BRGame/Content/AnimStarterPack/UE4_Mannequin/Materials/M_UE4Man_ChestLogo.uasset" 411
"../../../../../../Documents/repos/Unreal/BRGame/Content/Core/PhysicalMaterial_FleshDefault.uasset" 412
"../../../../../../Documents/repos/Unreal/BRGame/Content/Core/PhysicalMaterial_FleshVulnerable.uasset" 413
"../../../../../../Documents/repos/Unreal/BRGame/Content/AnimStarterPack/UE4_Mannequin/Mesh/SK_Mannequin_PhysicsAsset.uasset" 414
"../../../../../../Documents/repos/Unreal/BRGame/Content/AnimStarterPack/UE4_Mannequin/Mesh/SK_Mannequin.uasset" 415
"../../../../../../Documents/repos/Unreal/BRGame/Content/UI/WBP_Crosshair.uasset" 416
"../../../../../../Documents/repos/Unreal/BRGame/Content/Blueprints/PlayerPawn.uasset" 417
"../../../../../../Documents/repos/Unreal/BRGame/Content/FollowingBot/Meshes/M_FollowingBot.uasset" 418
"../../../../../../Documents/repos/Unreal/BRGame/Content/FollowingBot/Meshes/SM_FollowingBot.uasset" 419
"../../../../../../Documents/repos/Unreal/BRGame/Content/FollowingBot/Sounds/ball_roll_02_loop.uasset" 420
"../../../../../../Documents/repos/Unreal/BRGame/Content/FollowingBot/Sounds/BallRoll_Cue.uasset" 421
"../../../../../../Documents/repos/Unreal/BRGame/Content/FollowingBot/Sounds/DroneTracker_explodewarning.uasset" 422
"../../../../../../Documents/repos/Unreal/BRGame/Content/FollowingBot/Sounds/FollowingBotAttenuation.uasset" 423
"../../../../../../Documents/repos/Unreal/BRGame/Content/FollowingBot/Sounds/ExplodeWarning_Cue.uasset" 424
"../../../../../../Documents/repos/Unreal/BRGame/Content/FollowingBot/Sounds/Explosion01.uasset" 425
"../../../../../../Documents/repos/Unreal/BRGame/Content/MilitaryWeapSilver/Sound/Attenuation/Explosion_att.uasset" 426
"../../../../../../Documents/repos/Unreal/BRGame/Content/FollowingBot/Sounds/Explosion_Cue.uasset" 427
"../../../../../../Documents/repos/Unreal/BRGame/Content/MilitaryWeapSilver/FX/Textures/T_Ember_01.uasset" 428
"../../../../../../Documents/repos/Unreal/BRGame/Content/MilitaryWeapSilver/FX/Materials/M_Ember_Speed_01.uasset" 429
"../../../Engine/Content/Functions/Engine_MaterialFunctions02/Fresnel_Function.uasset" 430
"../../../Engine/Content/Functions/Engine_MaterialFunctions02/Fresnel.uasset" 431
"../../../../../../Documents/repos/Unreal/BRGame/Content/MilitaryWeapSilver/FX/Materials/M_GlowSphere_01.uasset" 432
"../../../../../../Documents/repos/Unreal/BRGame/Content/MilitaryWeapSilver/FX/Textures/T_LightRay_01.uasset" 433
"../../../../../../Documents/repos/Unreal/BRGame/Content/MilitaryWeapSilver/FX/Materials/M_LightRay_01.uasset" 434
"../../../../../../Documents/repos/Unreal/BRGame/Content/MilitaryWeapSilver/FX/Textures/T_FL_Detail_01.uasset" 435
"../../../../../../Documents/repos/Unreal/BRGame/Content/MilitaryWeapSilver/FX/Textures/T_Pistol_Smoke_2x2_A.uasset" 436
"../../../../../../Documents/repos/Unreal/BRGame/Content/MilitaryWeapSilver/FX/Materials/M_Pistol_Smoke_2x2_A.uasset" 437
"../../../../../../Documents/repos/Unreal/BRGame/Content/MilitaryWeapSilver/FX/Textures/T_Shockwave_NormalMap_01.uasset" 438
"../../../../../../Documents/repos/Unreal/BRGame/Content/MilitaryWeapSilver/FX/Materials/M_Shockwave_Refraction_01.uasset" 439
"../../../../../../Documents/repos/Unreal/BRGame/Content/MilitaryWeapSilver/FX/Textures/T_Explosion_8x8_Density_01.uasset" 440
"../../../../../../Documents/repos/Unreal/BRGame/Content/MilitaryWeapSilver/FX/Textures/T_Explosion_8x8_Erode_01.uasset" 441
"../../../../../../Documents/repos/Unreal/BRGame/Content/MilitaryWeapSilver/FX/Textures/T_Explosion_8x8_Temperature_01.uasset" 442
"../../../../../../Documents/repos/Unreal/BRGame/Content/MilitaryWeapSilver/FX/Textures/T_Explosion_Macro_01.uasset" 443
"../../../../../../Documents/repos/Unreal/BRGame/Content/MilitaryWeapSilver/FX/Materials/M_Explosion_8x8_A_01.uasset" 444
"../../../../../../Documents/repos/Unreal/BRGame/Content/MilitaryWeapSilver/FX/Materials/M_RocketExplosion_8x8_A_01_Inst.uasset" 445
"../../../../../../Documents/repos/Unreal/BRGame/Content/MilitaryWeapSilver/FX/Materials/M_Smoke_8x8_B_01_Inst.uasset" 446
"../../../../../../Documents/repos/Unreal/BRGame/Content/MilitaryWeapSilver/FX/Textures/T_Pistol_Streaks_01.uasset" 447
"../../../../../../Documents/repos/Unreal/BRGame/Content/MilitaryWeapSilver/FX/Materials/M_Pistol_Streaks_01.uasset" 448
"../../../../../../Documents/repos/Unreal/BRGame/Content/MilitaryWeapSilver/FX/Textures/T_Sparks_02.uasset" 449
"../../../../../../Documents/repos/Unreal/BRGame/Content/MilitaryWeapSilver/FX/Materials/M_Sparks_02.uasset" 450
"../../../../../../Documents/repos/Unreal/BRGame/Content/MilitaryWeapSilver/FX/Meshes/St_Sphere_01.uasset" 451
"../../../../../../Documents/repos/Unreal/BRGame/Content/MilitaryWeapSilver/FX/P_RocketLauncher_Explosion_01.uasset" 452
"../../../../../../Documents/repos/Unreal/BRGame/Content/FollowingBot/Blueprints/BP_FollowingBot.uasset" 453
"../../../Engine/Content/EditorBlueprintResources/StandardMacros.uasset" 454
"../../../Engine/Content/EngineSky/C_Sky_Cloud_Color.uasset" 455
"../../../Engine/Content/EngineSky/C_Sky_Horizon_Color.uasset" 456
"../../../Engine/Content/EngineSky/C_Sky_Zenith_Color.uasset" 457
"../../../Engine/Content/EngineSky/T_Sky_Blue.uasset" 458
"../../../Engine/Content/EngineSky/T_Sky_Clouds_M.uasset" 459
"../../../Engine/Content/EngineSky/T_Sky_Stars.uasset" 460
"../../../Engine/Content/EngineSky/M_Sky_Panning_Clouds2.uasset" 461
"../../../Engine/Content/EngineSky/SM_SkySphere.uasset" 462
"../../../Engine/Content/EngineSky/BP_Sky_Sphere.uasset" 463
"../../../../../../Documents/repos/Unreal/BRGame/Content/Blueprints/BP_Dummy.uasset" 464
"../../../../../../Documents/repos/Unreal/BRGame/Content/ExplosiveBarrel/M_ExplosiveBarrel.uasset" 465
"../../../../../../Documents/repos/Unreal/BRGame/Content/ExplosiveBarrel/M_ExplosiveBarrelExploded.uasset" 466
"../../../../../../Documents/repos/Unreal/BRGame/Content/ExplosiveBarrel/SM_ExplosiveBarrel.uasset" 467
"../../../../../../Documents/repos/Unreal/BRGame/Content/MilitaryWeapSilver/FX/Textures/T_Debris_Tileable_01.uasset" 468
"../../../../../../Documents/repos/Unreal/BRGame/Content/MilitaryWeapSilver/FX/Materials/M_Debris_Tileable_01.uasset" 469
"../../../../../../Documents/repos/Unreal/BRGame/Content/MilitaryWeapSilver/FX/P_Grenade_Explosion_01.uasset" 470
"../../../../../../Documents/repos/Unreal/BRGame/Content/Blueprints/BP_ExplosiveBarrel.uasset" 471
"../../../../../../Documents/repos/Unreal/BRGame/Content/CollectableItems/Textures/T_CircleMask3.uasset" 472
"../../../../../../Documents/repos/Unreal/BRGame/Content/CollectableItems/Materials/M_CollectableItemDecal.uasset" 473
"../../../../../../Documents/repos/Unreal/BRGame/Content/CollectableItems/Blueprints/BP_TestPickup.uasset" 474
"../../../Engine/Content/Functions/Engine_MaterialFunctions02/Utility/Sine_Remapped.uasset" 475
"../../../../../../Documents/repos/Unreal/BRGame/Content/CollectableItems/Materials/M_CollectableItemLightFunction.uasset" 476
"../../../../../../Documents/repos/Unreal/BRGame/Content/CollectableItems/Blueprints/BP_CollectableItemBase.uasset" 477
"../../../../../../Documents/repos/Unreal/BRGame/Content/CollectableItems/Materials/M_CollectableItem.uasset" 478
"../../../../../../Documents/repos/Unreal/BRGame/Content/CollectableItems/Materials/MI_CollectableItemHealth.uasset" 479
"../../../../../../Documents/repos/Unreal/BRGame/Content/CollectableItems/Meshes/HealthIcon.uasset" 480
"../../../../../../Documents/repos/Unreal/BRGame/Content/CollectableItems/Blueprints/CollectableItem_HealthRegeneration.uasset" 481
"../../../../../../Documents/repos/Unreal/BRGame/Content/Maps/P_TestMap_BuiltData.uasset" 482
"../../../Engine/Content/BasicShapes/BasicShapeMaterial.uasset" 483
"../../../Engine/Content/BasicShapes/Cube.uasset" 484
"../../../Engine/Content/BasicShapes/Cylinder.uasset" 485
"../../../Engine/Content/BasicShapes/Sphere.uasset" 486
"../../../Engine/Content/MapTemplates/SM_Template_Map_Floor.uasset" 487
"../../../../../../Documents/repos/Unreal/BRGame/Content/Maps/P_TestMap.umap" 488
